[debug] [2025-07-17T10:40:24.611Z] ----------------------------------------------------------------------
[debug] [2025-07-17T10:40:24.619Z] Command:       C:\Program Files\nodejs\node.exe C:\Users\Mash Gadgets Hub\AppData\Roaming\npm\node_modules\firebase-tools\lib\bin\firebase.js init
[debug] [2025-07-17T10:40:24.620Z] CLI Version:   14.11.0
[debug] [2025-07-17T10:40:24.620Z] Platform:      win32
[debug] [2025-07-17T10:40:24.621Z] Node Version:  v22.13.1
[debug] [2025-07-17T10:40:24.621Z] Time:          Thu Jul 17 2025 13:40:24 GMT+0300 (East Africa Time)
[debug] [2025-07-17T10:40:24.622Z] ----------------------------------------------------------------------
[debug] 
[debug] [2025-07-17T10:40:24.640Z] > command requires scopes: ["email","openid","https://www.googleapis.com/auth/cloudplatformprojects.readonly","https://www.googleapis.com/auth/firebase","https://www.googleapis.com/auth/cloud-platform"]
[debug] [2025-07-17T10:40:24.641Z] > authorizing via signed-in user (sanyukalvin@gmail.com)
[info] 
     ######## #### ########  ######## ########     ###     ######  ########
     ##        ##  ##     ## ##       ##     ##  ##   ##  ##       ##
     ######    ##  ########  ######   ########  #########  ######  ######
     ##        ##  ##    ##  ##       ##     ## ##     ##       ## ##
     ##       #### ##     ## ######## ########  ##     ##  ######  ########

You're about to initialize a Firebase project in this directory:

  C:\Users\Mash Gadgets Hub\OneDrive\Desktop\MILE SAFE - Copy 2\mile safe

[info] 
=== Project Setup
[info] 
[info] First, let's associate this project directory with a Firebase project.
[info] You can create multiple project aliases by running firebase use --add, 
[info] but for now we'll just set up a default project.
[info] 
[info] i  If you want to create a project in a Google Cloud organization or folder, please use "firebase projects:create" instead, and return to this command when you've created the project. 
[debug] [2025-07-17T10:42:39.622Z] Checked if tokens are valid: true, expires at: 1752752391269
[debug] [2025-07-17T10:42:39.623Z] Checked if tokens are valid: true, expires at: 1752752391269
[debug] [2025-07-17T10:42:39.629Z] >>> [apiv2][query] POST https://firebase.googleapis.com/v1/projects:checkProjectId [none]
[debug] [2025-07-17T10:42:39.629Z] >>> [apiv2][body] POST https://firebase.googleapis.com/v1/projects:checkProjectId {"proposedId":"MileSafe"}
[debug] [2025-07-17T10:42:40.708Z] <<< [apiv2][status] POST https://firebase.googleapis.com/v1/projects:checkProjectId 200
[debug] [2025-07-17T10:42:40.709Z] <<< [apiv2][body] POST https://firebase.googleapis.com/v1/projects:checkProjectId {"projectIdStatus":"PROJECT_ID_NOT_VALID","suggestedProjectId":"milesafe-d43ee"}
[debug] [2025-07-17T10:42:48.369Z] Checked if tokens are valid: true, expires at: 1752752391269
[debug] [2025-07-17T10:42:48.369Z] Checked if tokens are valid: true, expires at: 1752752391269
[debug] [2025-07-17T10:42:48.371Z] >>> [apiv2][query] POST https://firebase.googleapis.com/v1/projects:checkProjectId [none]
[debug] [2025-07-17T10:42:48.371Z] >>> [apiv2][body] POST https://firebase.googleapis.com/v1/projects:checkProjectId {"proposedId":"MileSafe256"}
[debug] [2025-07-17T10:42:49.818Z] <<< [apiv2][status] POST https://firebase.googleapis.com/v1/projects:checkProjectId 200
[debug] [2025-07-17T10:42:49.819Z] <<< [apiv2][body] POST https://firebase.googleapis.com/v1/projects:checkProjectId {"projectIdStatus":"PROJECT_ID_NOT_VALID","suggestedProjectId":"milesafe256"}
[debug] [2025-07-17T10:43:01.988Z] Checked if tokens are valid: true, expires at: 1752752391269
[debug] [2025-07-17T10:43:01.988Z] Checked if tokens are valid: true, expires at: 1752752391269
[debug] [2025-07-17T10:43:01.990Z] >>> [apiv2][query] POST https://firebase.googleapis.com/v1/projects:checkProjectId [none]
[debug] [2025-07-17T10:43:01.990Z] >>> [apiv2][body] POST https://firebase.googleapis.com/v1/projects:checkProjectId {"proposedId":"milesafe256."}
[debug] [2025-07-17T10:43:02.516Z] <<< [apiv2][status] POST https://firebase.googleapis.com/v1/projects:checkProjectId 400
[debug] [2025-07-17T10:43:02.516Z] <<< [apiv2][body] POST https://firebase.googleapis.com/v1/projects:checkProjectId {"error":{"code":400,"message":"Request contains an invalid argument.","status":"INVALID_ARGUMENT"}}
[debug] [2025-07-17T10:43:02.521Z] Couldn't check if project ID milesafe256. is available. Original error: FirebaseError: Failed to check if project ID is available. See firebase-debug.log for more info.
[debug] [2025-07-17T10:43:09.300Z] Checked if tokens are valid: true, expires at: 1752752391269
[debug] [2025-07-17T10:43:09.300Z] Checked if tokens are valid: true, expires at: 1752752391269
[debug] [2025-07-17T10:43:09.301Z] >>> [apiv2][query] POST https://cloudresourcemanager.googleapis.com/v1/projects [none]
[debug] [2025-07-17T10:43:09.301Z] >>> [apiv2][body] POST https://cloudresourcemanager.googleapis.com/v1/projects {"projectId":"milesafe256.","name":"milesafe256."}
[debug] [2025-07-17T10:43:11.125Z] <<< [apiv2][status] POST https://cloudresourcemanager.googleapis.com/v1/projects 400
[debug] [2025-07-17T10:43:11.126Z] <<< [apiv2][body] POST https://cloudresourcemanager.googleapis.com/v1/projects {"error":{"code":400,"message":"Request contains an invalid argument.","status":"INVALID_ARGUMENT","details":[{"@type":"type.googleapis.com/google.rpc.BadRequest","fieldViolations":[{"field":"project_id","description":"project_id contains invalid characters"},{"field":"display_name","description":"project display name contains invalid characters"}]},{"@type":"type.googleapis.com/google.rpc.Help","links":[{"url":"https://cloud.google.com/resource-manager/reference/rest/v1/projects"}]}]}}
[debug] [2025-07-17T10:43:11.627Z] FirebaseError: Request to https://cloudresourcemanager.googleapis.com/v1/projects had HTTP Error: 400, Request contains an invalid argument.
    at responseToError (C:\Users\Mash Gadgets Hub\AppData\Roaming\npm\node_modules\firebase-tools\lib\responseToError.js:52:12)
    at RetryOperation._fn (C:\Users\Mash Gadgets Hub\AppData\Roaming\npm\node_modules\firebase-tools\lib\apiv2.js:312:77)
    at process.processTicksAndRejections (node:internal/process/task_queues:105:5)
[error] 
[error] Error: Failed to create project. See firebase-debug.log for more info.
